Using pre-set license

 COMMAND LINE ARGUMENTS:
/Applications/Unity/Hub/Editor/2020.3.3f1/Unity.app/Contents/MacOS/Unity
-adb2
-batchMode
-noUpm
-name
AssetImportWorker0
-projectPath
/Users/codeninjas4/Documents/Colin Parker/Super-VampireDragon-Bros-but-3D/Super VampireDragon Bros but 3D
-logFile
Logs/AssetImportWorker0.log
-srvPort
59619
Successfully changed project path to: /Users/codeninjas4/Documents/Colin Parker/Super-VampireDragon-Bros-but-3D/Super VampireDragon Bros but 3D
/Users/codeninjas4/Documents/Colin Parker/Super-VampireDragon-Bros-but-3D/Super VampireDragon Bros but 3D
Using Asset Import Pipeline V2.
Refreshing native plugins compatible for Editor in 38.73 ms, found 1 plugins.
Preloading 0 native plugins for Editor in 0.00 ms.
Initialize engine version: 2020.3.3f1 (76626098c1c4)
[Subsystems] Discovering subsystems at path /Applications/Unity/Hub/Editor/2020.3.3f1/Unity.app/Contents/Resources/UnitySubsystems
[Subsystems] Discovering subsystems at path /Users/codeninjas4/Documents/Colin Parker/Super-VampireDragon-Bros-but-3D/Super VampireDragon Bros but 3D/Assets
GfxDevice: creating device client; threaded=0
2021-07-23 17:07:40.034 Unity[6222:19055875] Color LCD preferred device: Intel(R) Iris(TM) Plus Graphics 640 (low power)
2021-07-23 17:07:40.034 Unity[6222:19055875] Metal devices available: 1
2021-07-23 17:07:40.034 Unity[6222:19055875] 0: Intel(R) Iris(TM) Plus Graphics 640 (low power)
2021-07-23 17:07:40.035 Unity[6222:19055875] Using device Intel(R) Iris(TM) Plus Graphics 640 (low power)
Initializing Metal device caps: Intel(R) Iris(TM) Plus Graphics 640
Initialize mono
Mono path[0] = '/Applications/Unity/Hub/Editor/2020.3.3f1/Unity.app/Contents/Managed'
Mono path[1] = '/Applications/Unity/Hub/Editor/2020.3.3f1/Unity.app/Contents/MonoBleedingEdge/lib/mono/unityjit'
Mono config path = '/Applications/Unity/Hub/Editor/2020.3.3f1/Unity.app/Contents/MonoBleedingEdge/etc'
Using monoOptions --debugger-agent=transport=dt_socket,embedding=1,server=y,suspend=n,address=127.0.0.1:56222
Begin MonoManager ReloadAssembly
Registering precompiled unity dll's ...
Register platform support module: /Applications/Unity/Hub/Editor/2020.3.3f1/Unity.app/Contents/PlaybackEngines/MacStandaloneSupport/UnityEditor.OSXStandalone.Extensions.dll
Registered in 0.003226 seconds.
Native extension for OSXStandalone target not found
Refreshing native plugins compatible for Editor in 38.03 ms, found 1 plugins.
Preloading 0 native plugins for Editor in 0.00 ms.
Invoked RoslynAnalysisRunner static constructor.
RoslynAnalysisRunner will not be running.
RoslynAnalysisRunner has terminated.
Mono: successfully reloaded assembly
- Completed reload, in  2.478 seconds
Platform modules already initialized, skipping
Registering precompiled user dll's ...
Registered in 0.000774 seconds.
Begin MonoManager ReloadAssembly
Native extension for OSXStandalone target not found
Refreshing native plugins compatible for Editor in 0.37 ms, found 1 plugins.
Preloading 0 native plugins for Editor in 0.00 ms.
Invoked RoslynAnalysisRunner static constructor.
RoslynAnalysisRunner will not be running.
RoslynAnalysisRunner has terminated.
Mono: successfully reloaded assembly
- Completed reload, in  1.538 seconds
Platform modules already initialized, skipping
========================================================================
Worker process is ready to serve import requests
Launching external process: /Applications/Unity/Hub/Editor/2020.3.3f1/Unity.app/Contents/Tools/UnityShaderCompiler
Launched and connected shader compiler UnityShaderCompiler after 0.02 seconds
Refreshing native plugins compatible for Editor in 0.24 ms, found 1 plugins.
Preloading 0 native plugins for Editor in 0.00 ms.
Unloading 1116 Unused Serialized files (Serialized files now loaded: 0)
System memory in use before: 130.7 MB.
System memory in use after: 130.7 MB.

Unloading 9 unused Assets to reduce memory usage. Loaded Objects now: 1581.
Total: 2.807879 ms (FindLiveObjects: 0.380416 ms CreateObjectMapping: 0.078191 ms MarkObjects: 2.227501 ms  DeleteObjects: 0.117736 ms)

========================================================================
Received Import Request.
  path: Assets/Materials/Black.mat
  artifactKey: Guid(63474e04a0eeb40708131480b0b4c9ef) Importer(815301076,1909f56bfc062723c751e8b465ee728b)
Start importing Assets/Materials/Black.mat using Guid(63474e04a0eeb40708131480b0b4c9ef) Importer(815301076,1909f56bfc062723c751e8b465ee728b)  -> (artifact id: '7907041f8b1c02618bfd7226b2c1c1af') in 0.492624 seconds
  Import took 0.496673 seconds .

========================================================================
Received Import Request.
  Time since last request: 33.316363 seconds.
  path: Assets/tinker.obj
  artifactKey: Guid(9662e8531ed674add9b91265911754b1) Importer(815301076,1909f56bfc062723c751e8b465ee728b)
Start importing Assets/tinker.obj using Guid(9662e8531ed674add9b91265911754b1) Importer(815301076,1909f56bfc062723c751e8b465ee728b)  -> (artifact id: 'c1217fdd4519a3264489978d7976279c') in 0.438412 seconds
  Import took 0.448828 seconds .

========================================================================
Received Import Request.
  Time since last request: 46.634509 seconds.
  path: Assets/Materials/World Map Materials
  artifactKey: Guid(9b46ec7c94fe64b05bdedce66e48c457) Importer(815301076,1909f56bfc062723c751e8b465ee728b)
Start importing Assets/Materials/World Map Materials using Guid(9b46ec7c94fe64b05bdedce66e48c457) Importer(815301076,1909f56bfc062723c751e8b465ee728b)  -> (artifact id: '8dc54493f36133c9d7c94e64560ea082') in 0.002281 seconds
  Import took 0.006590 seconds .

========================================================================
Received Import Request.
  Time since last request: 10.814867 seconds.
  path: Assets/Materials/World Map Materials/1.mat
  artifactKey: Guid(3ae53664119b64ff5a45b83501684e8b) Importer(815301076,1909f56bfc062723c751e8b465ee728b)
Start importing Assets/Materials/World Map Materials/1.mat using Guid(3ae53664119b64ff5a45b83501684e8b) Importer(815301076,1909f56bfc062723c751e8b465ee728b)  -> (artifact id: 'eafdc74d022816e945a92161a4fa5edd') in 0.022504 seconds
  Import took 0.027751 seconds .

========================================================================
Received Import Request.
  Time since last request: 59.832450 seconds.
  path: Assets/Materials/World Map Materials/3.mat
  artifactKey: Guid(130133a5b570f4cfdac5e980ce75c3ee) Importer(815301076,1909f56bfc062723c751e8b465ee728b)
Start importing Assets/Materials/World Map Materials/3.mat using Guid(130133a5b570f4cfdac5e980ce75c3ee) Importer(815301076,1909f56bfc062723c751e8b465ee728b)  -> (artifact id: 'd56d9c6038eb8afc42ecfa44b01f6350') in 0.021518 seconds
  Import took 0.027015 seconds .

========================================================================
Received Import Request.
  Time since last request: 20.572725 seconds.
  path: Assets/Materials/World Map Materials/2.mat
  artifactKey: Guid(9bd61dc4d34a64be78d611b9be85957a) Importer(815301076,1909f56bfc062723c751e8b465ee728b)
Start importing Assets/Materials/World Map Materials/2.mat using Guid(9bd61dc4d34a64be78d611b9be85957a) Importer(815301076,1909f56bfc062723c751e8b465ee728b)  -> (artifact id: '3c02127e6423c6c2c75af9ed4eba1d5b') in 0.021943 seconds
  Import took 0.027790 seconds .

========================================================================
Received Import Request.
  Time since last request: 27.327867 seconds.
  path: Assets/Materials/World Map Materials/4.mat
  artifactKey: Guid(49328a808bf534ca0a766edcf296cdb7) Importer(815301076,1909f56bfc062723c751e8b465ee728b)
Start importing Assets/Materials/World Map Materials/4.mat using Guid(49328a808bf534ca0a766edcf296cdb7) Importer(815301076,1909f56bfc062723c751e8b465ee728b)  -> (artifact id: 'd22034a235160586aefa207c62eb5337') in 0.018318 seconds
  Import took 0.022544 seconds .

========================================================================
Received Import Request.
  Time since last request: 21.837558 seconds.
  path: Assets/Materials/World Map Materials/1.mat
  artifactKey: Guid(3ae53664119b64ff5a45b83501684e8b) Importer(815301076,1909f56bfc062723c751e8b465ee728b)
Start importing Assets/Materials/World Map Materials/1.mat using Guid(3ae53664119b64ff5a45b83501684e8b) Importer(815301076,1909f56bfc062723c751e8b465ee728b)  -> (artifact id: '66c5cfc678af95d34d04b11f3f3326c8') in 0.013041 seconds
  Import took 0.017292 seconds .

========================================================================
Received Import Request.
  Time since last request: 0.000255 seconds.
  path: Assets/Materials/World Map Materials/3.mat
  artifactKey: Guid(130133a5b570f4cfdac5e980ce75c3ee) Importer(815301076,1909f56bfc062723c751e8b465ee728b)
Start importing Assets/Materials/World Map Materials/3.mat using Guid(130133a5b570f4cfdac5e980ce75c3ee) Importer(815301076,1909f56bfc062723c751e8b465ee728b)  -> (artifact id: '4188136543747bea956735cc24c60c23') in 0.013423 seconds
  Import took 0.019847 seconds .

========================================================================
Received Import Request.
  Time since last request: 0.000243 seconds.
  path: Assets/Materials/World Map Materials/2.mat
  artifactKey: Guid(9bd61dc4d34a64be78d611b9be85957a) Importer(815301076,1909f56bfc062723c751e8b465ee728b)
Start importing Assets/Materials/World Map Materials/2.mat using Guid(9bd61dc4d34a64be78d611b9be85957a) Importer(815301076,1909f56bfc062723c751e8b465ee728b)  -> (artifact id: 'efc743e809eef24a58afb8772b08cfb1') in 0.012772 seconds
  Import took 0.015421 seconds .

========================================================================
Received Import Request.
  Time since last request: 0.000187 seconds.
  path: Assets/Materials/World Map Materials/4.mat
  artifactKey: Guid(49328a808bf534ca0a766edcf296cdb7) Importer(815301076,1909f56bfc062723c751e8b465ee728b)
Start importing Assets/Materials/World Map Materials/4.mat using Guid(49328a808bf534ca0a766edcf296cdb7) Importer(815301076,1909f56bfc062723c751e8b465ee728b)  -> (artifact id: '49892b41358a5ca82d56c64af824d107') in 0.013066 seconds
  Import took 0.015810 seconds .

========================================================================
Received Import Request.
  Time since last request: 190.235006 seconds.
  path: Assets/tinker 1.obj
  artifactKey: Guid(5a35b087244a8444c9cb806126a31eeb) Importer(815301076,1909f56bfc062723c751e8b465ee728b)
Start importing Assets/tinker 1.obj using Guid(5a35b087244a8444c9cb806126a31eeb) Importer(815301076,1909f56bfc062723c751e8b465ee728b)  -> (artifact id: 'fcf4151492f3cb3b5f1b559e701d68a2') in 0.103382 seconds
  Import took 0.107107 seconds .

========================================================================
Received Import Request.
  Time since last request: 122.323327 seconds.
  path: Assets/Materials/World Map Materials/5.mat
  artifactKey: Guid(55cd7594940704d97ba41763c1f6fa50) Importer(815301076,1909f56bfc062723c751e8b465ee728b)
Start importing Assets/Materials/World Map Materials/5.mat using Guid(55cd7594940704d97ba41763c1f6fa50) Importer(815301076,1909f56bfc062723c751e8b465ee728b)  -> (artifact id: '952b3a802c97fff079e9398bcdb07b44') in 0.017479 seconds
  Import took 0.022702 seconds .

========================================================================
Received Import Request.
  Time since last request: 34.514343 seconds.
  path: Assets/Materials/World Map Materials/6.mat
  artifactKey: Guid(8ca24f019bc4441a78eb8d80b5d02d9b) Importer(815301076,1909f56bfc062723c751e8b465ee728b)
Start importing Assets/Materials/World Map Materials/6.mat using Guid(8ca24f019bc4441a78eb8d80b5d02d9b) Importer(815301076,1909f56bfc062723c751e8b465ee728b)  -> (artifact id: '79fd551458774b43d54486f25b2bcce3') in 0.021685 seconds
  Import took 0.026705 seconds .

========================================================================
Received Import Request.
  Time since last request: 18.613632 seconds.
  path: Assets/Materials/World Map Materials/7.mat
  artifactKey: Guid(36c1611bd4a8b44eca8571fea50e0be0) Importer(815301076,1909f56bfc062723c751e8b465ee728b)
Start importing Assets/Materials/World Map Materials/7.mat using Guid(36c1611bd4a8b44eca8571fea50e0be0) Importer(815301076,1909f56bfc062723c751e8b465ee728b)  -> (artifact id: '79542e014a9e1e386c68af8985894115') in 0.021291 seconds
  Import took 0.025931 seconds .

========================================================================
Received Import Request.
  Time since last request: 166.280235 seconds.
  path: Assets/tinker 2.obj
  artifactKey: Guid(fde806a7708a34db1aee50aebc1ddfa1) Importer(815301076,1909f56bfc062723c751e8b465ee728b)
Start importing Assets/tinker 2.obj using Guid(fde806a7708a34db1aee50aebc1ddfa1) Importer(815301076,1909f56bfc062723c751e8b465ee728b)  -> (artifact id: 'ffcda671a0a722f2739654c80c2a2e9b') in 0.160696 seconds
  Import took 0.166088 seconds .

========================================================================
Received Import Request.
  Time since last request: 145.317058 seconds.
  path: Assets/Materials/World Map Materials/8.mat
  artifactKey: Guid(e9c85ee7edd8748a7b71b220b07647d5) Importer(815301076,1909f56bfc062723c751e8b465ee728b)
Start importing Assets/Materials/World Map Materials/8.mat using Guid(e9c85ee7edd8748a7b71b220b07647d5) Importer(815301076,1909f56bfc062723c751e8b465ee728b)  -> (artifact id: '9f7cc255efd74e685fb8a4e86607c940') in 0.019467 seconds
  Import took 0.023164 seconds .

========================================================================
Received Import Request.
  Time since last request: 32.305395 seconds.
  path: Assets/Materials/World Map Materials/9.mat
  artifactKey: Guid(7932834e3d8754fe7b1cda52adc937b4) Importer(815301076,1909f56bfc062723c751e8b465ee728b)
Start importing Assets/Materials/World Map Materials/9.mat using Guid(7932834e3d8754fe7b1cda52adc937b4) Importer(815301076,1909f56bfc062723c751e8b465ee728b)  -> (artifact id: 'd43a7531964b871738969a506e8e1214') in 0.019071 seconds
  Import took 0.023949 seconds .

========================================================================
Received Import Request.
  Time since last request: 32.791196 seconds.
  path: Assets/Materials/World Map Materials/10.mat
  artifactKey: Guid(f0f8f2c30d0cc413d811b0be9f320263) Importer(815301076,1909f56bfc062723c751e8b465ee728b)
Start importing Assets/Materials/World Map Materials/10.mat using Guid(f0f8f2c30d0cc413d811b0be9f320263) Importer(815301076,1909f56bfc062723c751e8b465ee728b)  -> (artifact id: '1d693a551e1953527d57fd475ee815e2') in 0.018962 seconds
  Import took 0.023662 seconds .

========================================================================
Received Import Request.
  Time since last request: 52.091344 seconds.
  path: Assets/Materials/World Map Materials/11.mat
  artifactKey: Guid(79ec28fbff095424f858cbfa55c68e25) Importer(815301076,1909f56bfc062723c751e8b465ee728b)
Start importing Assets/Materials/World Map Materials/11.mat using Guid(79ec28fbff095424f858cbfa55c68e25) Importer(815301076,1909f56bfc062723c751e8b465ee728b)  -> (artifact id: '6c10229f678234ceb21ebce0485e2c63') in 0.020385 seconds
  Import took 0.026453 seconds .

========================================================================
Received Import Request.
  Time since last request: 148.457323 seconds.
  path: Assets/World Map Assets
  artifactKey: Guid(4a75e0fce0bf94ab1a018a92a98561e9) Importer(815301076,1909f56bfc062723c751e8b465ee728b)
Start importing Assets/World Map Assets using Guid(4a75e0fce0bf94ab1a018a92a98561e9) Importer(815301076,1909f56bfc062723c751e8b465ee728b)  -> (artifact id: 'd3d1f2adccd6a8125a600457ea126b20') in 0.001609 seconds
  Import took 0.004841 seconds .

========================================================================
Received Import Request.
  Time since last request: 15.750419 seconds.
  path: Assets/World Map
  artifactKey: Guid(06a685cf7e6ad413ca0292d599527b6d) Importer(815301076,1909f56bfc062723c751e8b465ee728b)
Start importing Assets/World Map using Guid(06a685cf7e6ad413ca0292d599527b6d) Importer(815301076,1909f56bfc062723c751e8b465ee728b)  -> (artifact id: 'f3750b12b33147d0d8726e6d27740350') in 0.002540 seconds
  Import took 0.006661 seconds .

========================================================================
Received Import Request.
  Time since last request: 38.721967 seconds.
  path: Assets/tinker.obj
  artifactKey: Guid(4423667ad2650475daa23a5304e8af23) Importer(815301076,1909f56bfc062723c751e8b465ee728b)
Start importing Assets/tinker.obj using Guid(4423667ad2650475daa23a5304e8af23) Importer(815301076,1909f56bfc062723c751e8b465ee728b)  -> (artifact id: '3ae520e71b9ecb3a61cd1504cbf889d2') in 0.069605 seconds
  Import took 0.075207 seconds .

========================================================================
Received Import Request.
  Time since last request: 0.000423 seconds.
  path: Assets/tinker.obj
  artifactKey: Guid(4423667ad2650475daa23a5304e8af23) Importer(815301076,1909f56bfc062723c751e8b465ee728b)
Start importing Assets/tinker.obj using Guid(4423667ad2650475daa23a5304e8af23) Importer(815301076,1909f56bfc062723c751e8b465ee728b)  -> (artifact id: '3ae520e71b9ecb3a61cd1504cbf889d2') in 0.048304 seconds
  Import took 0.050686 seconds .

========================================================================
Received Import Request.
  Time since last request: 53.125001 seconds.
  path: Assets/World Map/tinker 4.obj
  artifactKey: Guid(4423667ad2650475daa23a5304e8af23) Importer(815301076,1909f56bfc062723c751e8b465ee728b)
Start importing Assets/World Map/tinker 4.obj using Guid(4423667ad2650475daa23a5304e8af23) Importer(815301076,1909f56bfc062723c751e8b465ee728b)  -> (artifact id: 'ef34c24a9a9f78bf15dc1383b3ec1e36') in 0.076235 seconds
  Import took 0.081891 seconds .

========================================================================
Received Import Request.
  Time since last request: 164.154365 seconds.
  path: Assets/World Map/World Map Materials/12.mat
  artifactKey: Guid(0f927d33c897343cd99f3682fa88dffd) Importer(815301076,1909f56bfc062723c751e8b465ee728b)
Start importing Assets/World Map/World Map Materials/12.mat using Guid(0f927d33c897343cd99f3682fa88dffd) Importer(815301076,1909f56bfc062723c751e8b465ee728b)  -> (artifact id: '2329ceececf8b0936e9519c57fd3b16a') in 0.017230 seconds
  Import took 0.021518 seconds .

========================================================================
Received Import Request.
  Time since last request: 112.236350 seconds.
  path: Assets/World Map/World Map Materials/5.mat
  artifactKey: Guid(55cd7594940704d97ba41763c1f6fa50) Importer(815301076,1909f56bfc062723c751e8b465ee728b)
Start importing Assets/World Map/World Map Materials/5.mat using Guid(55cd7594940704d97ba41763c1f6fa50) Importer(815301076,1909f56bfc062723c751e8b465ee728b)  -> (artifact id: '8b210a4ba73302645faed062078f7d4d') in 0.016199 seconds
  Import took 0.020352 seconds .

========================================================================
Received Import Request.
  Time since last request: 0.000187 seconds.
  path: Assets/World Map/World Map Materials/8.mat
  artifactKey: Guid(e9c85ee7edd8748a7b71b220b07647d5) Importer(815301076,1909f56bfc062723c751e8b465ee728b)
Start importing Assets/World Map/World Map Materials/8.mat using Guid(e9c85ee7edd8748a7b71b220b07647d5) Importer(815301076,1909f56bfc062723c751e8b465ee728b)  -> (artifact id: 'f3f4cb3111932c8a51796caac460f28c') in 0.008187 seconds
  Import took 0.015270 seconds .

========================================================================
Received Import Request.
  Time since last request: 0.000650 seconds.
  path: Assets/World Map/World Map Materials/10.mat
  artifactKey: Guid(f0f8f2c30d0cc413d811b0be9f320263) Importer(815301076,1909f56bfc062723c751e8b465ee728b)
Start importing Assets/World Map/World Map Materials/10.mat using Guid(f0f8f2c30d0cc413d811b0be9f320263) Importer(815301076,1909f56bfc062723c751e8b465ee728b)  -> (artifact id: '4ead0183d0a593a15616f07b5ab28ef8') in 0.015024 seconds
  Import took 0.018235 seconds .

========================================================================
Received Import Request.
  Time since last request: 0.000184 seconds.
  path: Assets/World Map/World Map Materials/11.mat
  artifactKey: Guid(79ec28fbff095424f858cbfa55c68e25) Importer(815301076,1909f56bfc062723c751e8b465ee728b)
Start importing Assets/World Map/World Map Materials/11.mat using Guid(79ec28fbff095424f858cbfa55c68e25) Importer(815301076,1909f56bfc062723c751e8b465ee728b)  -> (artifact id: '22f660cd7b56c9066ba8d730499933ab') in 0.014109 seconds
  Import took 0.016965 seconds .

========================================================================
Received Import Request.
  Time since last request: 0.000195 seconds.
  path: Assets/World Map/World Map Materials/12.mat
  artifactKey: Guid(0f927d33c897343cd99f3682fa88dffd) Importer(815301076,1909f56bfc062723c751e8b465ee728b)
Start importing Assets/World Map/World Map Materials/12.mat using Guid(0f927d33c897343cd99f3682fa88dffd) Importer(815301076,1909f56bfc062723c751e8b465ee728b)  -> (artifact id: '65feba3f1a614376ffc1b781df8c72bc') in 0.015947 seconds
  Import took 0.019364 seconds .

========================================================================
Received Import Request.
  Time since last request: 0.000237 seconds.
  path: Assets/World Map/World Map Materials/9.mat
  artifactKey: Guid(7932834e3d8754fe7b1cda52adc937b4) Importer(815301076,1909f56bfc062723c751e8b465ee728b)
Start importing Assets/World Map/World Map Materials/9.mat using Guid(7932834e3d8754fe7b1cda52adc937b4) Importer(815301076,1909f56bfc062723c751e8b465ee728b)  -> (artifact id: 'dfbcd99c0a2cbda5c6f3af3e13b98227') in 0.011711 seconds
  Import took 0.015414 seconds .

========================================================================
Received Import Request.
  Time since last request: 0.000291 seconds.
  path: Assets/World Map/World Map Materials/7.mat
  artifactKey: Guid(36c1611bd4a8b44eca8571fea50e0be0) Importer(815301076,1909f56bfc062723c751e8b465ee728b)
Start importing Assets/World Map/World Map Materials/7.mat using Guid(36c1611bd4a8b44eca8571fea50e0be0) Importer(815301076,1909f56bfc062723c751e8b465ee728b)  -> (artifact id: 'faa984cab3c8bc8ed03f165b12529146') in 0.023592 seconds
  Import took 0.027373 seconds .

========================================================================
Received Import Request.
  Time since last request: 0.000532 seconds.
  path: Assets/World Map/World Map Materials/6.mat
  artifactKey: Guid(8ca24f019bc4441a78eb8d80b5d02d9b) Importer(815301076,1909f56bfc062723c751e8b465ee728b)
Start importing Assets/World Map/World Map Materials/6.mat using Guid(8ca24f019bc4441a78eb8d80b5d02d9b) Importer(815301076,1909f56bfc062723c751e8b465ee728b)  -> (artifact id: '8183659bc55130a44f5f6e3e76ed5d19') in 0.021951 seconds
  Import took 0.026462 seconds .

========================================================================
Received Import Request.
  Time since last request: 174.085262 seconds.
  path: Assets/tinker.obj
  artifactKey: Guid(81ef3fd59efd347fd8b8a9b47b7396f7) Importer(815301076,1909f56bfc062723c751e8b465ee728b)
Start importing Assets/tinker.obj using Guid(81ef3fd59efd347fd8b8a9b47b7396f7) Importer(815301076,1909f56bfc062723c751e8b465ee728b)  -> (artifact id: '086327fde830ab224c8279c5efbb94c9') in 0.176996 seconds
  Import took 0.180969 seconds .

========================================================================
Received Import Request.
  Time since last request: 16.003635 seconds.
  path: Assets/World Map/World 5.obj
  artifactKey: Guid(81ef3fd59efd347fd8b8a9b47b7396f7) Importer(815301076,1909f56bfc062723c751e8b465ee728b)
Start importing Assets/World Map/World 5.obj using Guid(81ef3fd59efd347fd8b8a9b47b7396f7) Importer(815301076,1909f56bfc062723c751e8b465ee728b)  -> (artifact id: '3c78bed82f80357fb2e99137e903bdb5') in 0.185006 seconds
  Import took 0.190492 seconds .

========================================================================
Received Import Request.
  Time since last request: 129.923948 seconds.
  path: Assets/World Map/World Map Materials/13.mat
  artifactKey: Guid(e9023395a50154ab4b8c16ac59ebc8bc) Importer(815301076,1909f56bfc062723c751e8b465ee728b)
Start importing Assets/World Map/World Map Materials/13.mat using Guid(e9023395a50154ab4b8c16ac59ebc8bc) Importer(815301076,1909f56bfc062723c751e8b465ee728b)  -> (artifact id: 'e81eccc488b80560b5eba38e592e8627') in 0.020626 seconds
  Import took 0.025372 seconds .

========================================================================
Received Import Request.
  Time since last request: 10.622282 seconds.
  path: Assets/World Map/World Map Materials/New Material.mat
  artifactKey: Guid(4398fd72e0f514a659e285e58754a933) Importer(815301076,1909f56bfc062723c751e8b465ee728b)
Start importing Assets/World Map/World Map Materials/New Material.mat using Guid(4398fd72e0f514a659e285e58754a933) Importer(815301076,1909f56bfc062723c751e8b465ee728b)  -> (artifact id: '85dd9835aa7d651d90f8fd8e915a207b') in 0.019539 seconds
  Import took 0.022899 seconds .

========================================================================
Received Import Request.
  Time since last request: 108.094880 seconds.
  path: Assets/World Map/World Map Materials/15.mat
  artifactKey: Guid(2d7a4f71531224082b8e90a57a4720cc) Importer(815301076,1909f56bfc062723c751e8b465ee728b)
Start importing Assets/World Map/World Map Materials/15.mat using Guid(2d7a4f71531224082b8e90a57a4720cc) Importer(815301076,1909f56bfc062723c751e8b465ee728b)  -> (artifact id: 'ee55029887256b94466337663776bbbd') in 0.015732 seconds
  Import took 0.018910 seconds .

========================================================================
Received Import Request.
  Time since last request: 39.744687 seconds.
  path: Assets/World Map/World Map Materials/13.mat
  artifactKey: Guid(e9023395a50154ab4b8c16ac59ebc8bc) Importer(815301076,1909f56bfc062723c751e8b465ee728b)
Start importing Assets/World Map/World Map Materials/13.mat using Guid(e9023395a50154ab4b8c16ac59ebc8bc) Importer(815301076,1909f56bfc062723c751e8b465ee728b)  -> (artifact id: '18c5269c52ae929e141a523cdeb6d3a9') in 0.030774 seconds
  Import took 0.035476 seconds .

========================================================================
Received Import Request.
  Time since last request: 0.000294 seconds.
  path: Assets/World Map/World Map Materials/15.mat
  artifactKey: Guid(2d7a4f71531224082b8e90a57a4720cc) Importer(815301076,1909f56bfc062723c751e8b465ee728b)
Start importing Assets/World Map/World Map Materials/15.mat using Guid(2d7a4f71531224082b8e90a57a4720cc) Importer(815301076,1909f56bfc062723c751e8b465ee728b)  -> (artifact id: 'b73aa6aa7760b44e817af0b76437b00a') in 0.014004 seconds
  Import took 0.019056 seconds .

========================================================================
Received Import Request.
  Time since last request: 0.000357 seconds.
  path: Assets/World Map/World Map Materials/14.mat
  artifactKey: Guid(4398fd72e0f514a659e285e58754a933) Importer(815301076,1909f56bfc062723c751e8b465ee728b)
Start importing Assets/World Map/World Map Materials/14.mat using Guid(4398fd72e0f514a659e285e58754a933) Importer(815301076,1909f56bfc062723c751e8b465ee728b)  -> (artifact id: '9e8998d3bb53a5958c0d7a4685127b8c') in 0.016773 seconds
  Import took 0.020341 seconds .

========================================================================
Received Import Request.
  Time since last request: 93.821836 seconds.
  path: Assets/tinker.obj
  artifactKey: Guid(7fde23f8e379d4c02a11d784bd62f5c8) Importer(815301076,1909f56bfc062723c751e8b465ee728b)
Start importing Assets/tinker.obj using Guid(7fde23f8e379d4c02a11d784bd62f5c8) Importer(815301076,1909f56bfc062723c751e8b465ee728b)  -> (artifact id: '1e51bcaf421a4d9cfa0487533c1cbdc9') in 0.119193 seconds
  Import took 0.122810 seconds .

========================================================================
Received Import Request.
  Time since last request: 10.289631 seconds.
  path: Assets/World 6.obj
  artifactKey: Guid(7fde23f8e379d4c02a11d784bd62f5c8) Importer(815301076,1909f56bfc062723c751e8b465ee728b)
Start importing Assets/World 6.obj using Guid(7fde23f8e379d4c02a11d784bd62f5c8) Importer(815301076,1909f56bfc062723c751e8b465ee728b)  -> (artifact id: 'daaa1b061f968803810764c5fb3e0664') in 0.105669 seconds
  Import took 0.110170 seconds .

========================================================================
Received Import Request.
  Time since last request: 165.788209 seconds.
  path: Assets/World Map/World Map Materials/New Material.mat
  artifactKey: Guid(7814efd2a6f164743993eb1b47fecba1) Importer(815301076,1909f56bfc062723c751e8b465ee728b)
Start importing Assets/World Map/World Map Materials/New Material.mat using Guid(7814efd2a6f164743993eb1b47fecba1) Importer(815301076,1909f56bfc062723c751e8b465ee728b)  -> (artifact id: 'f5c0089c6ac2480a729b0c30381a259e') in 0.017146 seconds
  Import took 0.022023 seconds .

========================================================================
Received Import Request.
  Time since last request: 33.566715 seconds.
  path: Assets/World Map/World Map Materials/18.mat
  artifactKey: Guid(63a6c563ad4c843d2bf349e7b25a03de) Importer(815301076,1909f56bfc062723c751e8b465ee728b)
Start importing Assets/World Map/World Map Materials/18.mat using Guid(63a6c563ad4c843d2bf349e7b25a03de) Importer(815301076,1909f56bfc062723c751e8b465ee728b)  -> (artifact id: 'c0f5f665ac5437ad328b6adc713f54cf') in 0.019493 seconds
  Import took 0.024502 seconds .

========================================================================
Received Import Request.
  Time since last request: 22.795451 seconds.
  path: Assets/World Map/World Map Materials/19.mat
  artifactKey: Guid(6954cd220ea114686aba007b9878a1e2) Importer(815301076,1909f56bfc062723c751e8b465ee728b)
Start importing Assets/World Map/World Map Materials/19.mat using Guid(6954cd220ea114686aba007b9878a1e2) Importer(815301076,1909f56bfc062723c751e8b465ee728b)  -> (artifact id: 'b5e5549a3a13c1e7a624f8819f18bb27') in 0.020362 seconds
  Import took 0.024769 seconds .

========================================================================
Received Import Request.
  Time since last request: 27.829766 seconds.
  path: Assets/World Map/World Map Materials/17.mat
  artifactKey: Guid(7814efd2a6f164743993eb1b47fecba1) Importer(815301076,1909f56bfc062723c751e8b465ee728b)
Start importing Assets/World Map/World Map Materials/17.mat using Guid(7814efd2a6f164743993eb1b47fecba1) Importer(815301076,1909f56bfc062723c751e8b465ee728b)  -> (artifact id: '1060534fff34e9e8c751cdcdce11e00d') in 0.017707 seconds
  Import took 0.021738 seconds .

========================================================================
Received Import Request.
  Time since last request: 0.007232 seconds.
  path: Assets/World Map/World Map Materials/19.mat
  artifactKey: Guid(6954cd220ea114686aba007b9878a1e2) Importer(815301076,1909f56bfc062723c751e8b465ee728b)
Start importing Assets/World Map/World Map Materials/19.mat using Guid(6954cd220ea114686aba007b9878a1e2) Importer(815301076,1909f56bfc062723c751e8b465ee728b)  -> (artifact id: '350e09bfc298f1a157c4d3e8eed9649c') in 0.015680 seconds
  Import took 0.023615 seconds .

========================================================================
Received Import Request.
  Time since last request: 118.472146 seconds.
  path: Assets
  artifactKey: Guid(00000000000000001000000000000000) Importer(815301076,1909f56bfc062723c751e8b465ee728b)
Start importing Assets using Guid(00000000000000001000000000000000) Importer(815301076,1909f56bfc062723c751e8b465ee728b)  -> (artifact id: 'b2e0e235c0f4af3754229b664788db90') in 0.002027 seconds
  Import took 0.005801 seconds .

========================================================================
Received Import Request.
  Time since last request: 8.787466 seconds.
  path: Assets/World Map/World Map Assets/tinker 3.obj
  artifactKey: Guid(53ae33f5f08964a7dbb7a3475494f39e) Importer(815301076,1909f56bfc062723c751e8b465ee728b)
Start importing Assets/World Map/World Map Assets/tinker 3.obj using Guid(53ae33f5f08964a7dbb7a3475494f39e) Importer(815301076,1909f56bfc062723c751e8b465ee728b)  -> (artifact id: '56cbd89431aae0c3bd459843800dde51') in 0.107478 seconds
  Import took 0.109805 seconds .

========================================================================
Received Import Request.
  Time since last request: 12.763902 seconds.
  path: Assets/World Map/World Map Assets/World 7.obj
  artifactKey: Guid(53ae33f5f08964a7dbb7a3475494f39e) Importer(815301076,1909f56bfc062723c751e8b465ee728b)
Start importing Assets/World Map/World Map Assets/World 7.obj using Guid(53ae33f5f08964a7dbb7a3475494f39e) Importer(815301076,1909f56bfc062723c751e8b465ee728b)  -> (artifact id: '2bbfba4299d0040a67743c68f30c4856') in 0.100921 seconds
  Import took 0.105984 seconds .

========================================================================
Received Import Request.
  Time since last request: 196.542342 seconds.
  path: Assets/World Map/World Map Assets/tinker 3.obj
  artifactKey: Guid(80333520dafa64e9ea16b6ccb9ca484b) Importer(815301076,1909f56bfc062723c751e8b465ee728b)
Start importing Assets/World Map/World Map Assets/tinker 3.obj using Guid(80333520dafa64e9ea16b6ccb9ca484b) Importer(815301076,1909f56bfc062723c751e8b465ee728b)  -> (artifact id: '167aa3c326cc51473925309e551f9ea2') in 0.070547 seconds
  Import took 0.076422 seconds .

========================================================================
Received Import Request.
  Time since last request: 199.038519 seconds.
  path: Assets/World Map/World Map Assets/tinker 5.obj
  artifactKey: Guid(3460360d723a74e14975fe8cd924b798) Importer(815301076,1909f56bfc062723c751e8b465ee728b)
Start importing Assets/World Map/World Map Assets/tinker 5.obj using Guid(3460360d723a74e14975fe8cd924b798) Importer(815301076,1909f56bfc062723c751e8b465ee728b)  -> (artifact id: 'f5016c4d516a1190900522f7b9737292') in 0.173822 seconds
  Import took 0.178066 seconds .

========================================================================
Received Import Request.
  Time since last request: 75.655819 seconds.
  path: Assets/World Map/World Map Materials/21.mat
  artifactKey: Guid(a9172f262653f4619a7d78cb4aec131c) Importer(815301076,1909f56bfc062723c751e8b465ee728b)
Start importing Assets/World Map/World Map Materials/21.mat using Guid(a9172f262653f4619a7d78cb4aec131c) Importer(815301076,1909f56bfc062723c751e8b465ee728b)  -> (artifact id: '08883792f148b253006fc331cbb879dd') in 0.021139 seconds
  Import took 0.026138 seconds .

========================================================================
Received Import Request.
  Time since last request: 23.526915 seconds.
  path: Assets/World Map/World Map Materials/20.mat
  artifactKey: Guid(bdaf3c51c322a4b46b260a7e5c2e9ac5) Importer(815301076,1909f56bfc062723c751e8b465ee728b)
Start importing Assets/World Map/World Map Materials/20.mat using Guid(bdaf3c51c322a4b46b260a7e5c2e9ac5) Importer(815301076,1909f56bfc062723c751e8b465ee728b)  -> (artifact id: 'ebc8ab8123348d9a368b1dca91012d30') in 0.014394 seconds
  Import took 0.019334 seconds .

========================================================================
Received Import Request.
  Time since last request: 0.000239 seconds.
  path: Assets/World Map/World Map Materials/21.mat
  artifactKey: Guid(a9172f262653f4619a7d78cb4aec131c) Importer(815301076,1909f56bfc062723c751e8b465ee728b)
Start importing Assets/World Map/World Map Materials/21.mat using Guid(a9172f262653f4619a7d78cb4aec131c) Importer(815301076,1909f56bfc062723c751e8b465ee728b)  -> (artifact id: 'e9091a1bbdb79afcfc5ed983af8faeb5') in 0.012457 seconds
  Import took 0.014897 seconds .

========================================================================
Received Import Request.
  Time since last request: 41.544196 seconds.
  path: Assets/World Map/World Map Materials/22.mat
  artifactKey: Guid(4a8a2d9bfea564c2da00b7957f4fabf9) Importer(815301076,1909f56bfc062723c751e8b465ee728b)
Start importing Assets/World Map/World Map Materials/22.mat using Guid(4a8a2d9bfea564c2da00b7957f4fabf9) Importer(815301076,1909f56bfc062723c751e8b465ee728b)  -> (artifact id: '0df3db4b22a580df9f5fcaabaf7d04b1') in 0.018383 seconds
  Import took 0.022520 seconds .

