Using pre-set license

 COMMAND LINE ARGUMENTS:
/Applications/Unity/Hub/Editor/2020.3.3f1/Unity.app/Contents/MacOS/Unity
-adb2
-batchMode
-noUpm
-name
AssetImportWorker0
-projectPath
/Users/cnsj_1/Desktop/Super-VampireDragon-Bros-but-3D/Super VampireDragon Bros but 3D
-logFile
Logs/AssetImportWorker0.log
-srvPort
61197
Successfully changed project path to: /Users/cnsj_1/Desktop/Super-VampireDragon-Bros-but-3D/Super VampireDragon Bros but 3D
/Users/cnsj_1/Desktop/Super-VampireDragon-Bros-but-3D/Super VampireDragon Bros but 3D
Using Asset Import Pipeline V2.
Refreshing native plugins compatible for Editor in 38.61 ms, found 1 plugins.
Preloading 0 native plugins for Editor in 0.00 ms.
Initialize engine version: 2020.3.3f1 (76626098c1c4)
[Subsystems] Discovering subsystems at path /Applications/Unity/Hub/Editor/2020.3.3f1/Unity.app/Contents/Resources/UnitySubsystems
[Subsystems] Discovering subsystems at path /Users/cnsj_1/Desktop/Super-VampireDragon-Bros-but-3D/Super VampireDragon Bros but 3D/Assets
GfxDevice: creating device client; threaded=0
2022-01-08 10:41:45.202 Unity[24168:760031] Color LCD preferred device: Intel(R) Iris(TM) Plus Graphics 640 (low power)
2022-01-08 10:41:45.202 Unity[24168:760031] Metal devices available: 1
2022-01-08 10:41:45.202 Unity[24168:760031] 0: Intel(R) Iris(TM) Plus Graphics 640 (low power)
2022-01-08 10:41:45.202 Unity[24168:760031] Using device Intel(R) Iris(TM) Plus Graphics 640 (low power)
Initializing Metal device caps: Intel(R) Iris(TM) Plus Graphics 640
Initialize mono
Mono path[0] = '/Applications/Unity/Hub/Editor/2020.3.3f1/Unity.app/Contents/Managed'
Mono path[1] = '/Applications/Unity/Hub/Editor/2020.3.3f1/Unity.app/Contents/MonoBleedingEdge/lib/mono/unityjit'
Mono config path = '/Applications/Unity/Hub/Editor/2020.3.3f1/Unity.app/Contents/MonoBleedingEdge/etc'
Using monoOptions --debugger-agent=transport=dt_socket,embedding=1,server=y,suspend=n,address=127.0.0.1:56168
Begin MonoManager ReloadAssembly
Registering precompiled unity dll's ...
Register platform support module: /Applications/Unity/Hub/Editor/2020.3.3f1/Unity.app/Contents/PlaybackEngines/MacStandaloneSupport/UnityEditor.OSXStandalone.Extensions.dll
Registered in 0.001775 seconds.
Native extension for OSXStandalone target not found
Refreshing native plugins compatible for Editor in 35.89 ms, found 1 plugins.
Preloading 0 native plugins for Editor in 0.00 ms.
Invoked RoslynAnalysisRunner static constructor.
RoslynAnalysisRunner will not be running.
RoslynAnalysisRunner has terminated.
Mono: successfully reloaded assembly
- Completed reload, in  1.509 seconds
Platform modules already initialized, skipping
Registering precompiled user dll's ...
Registered in 0.001447 seconds.
Begin MonoManager ReloadAssembly
Native extension for OSXStandalone target not found
Refreshing native plugins compatible for Editor in 0.32 ms, found 1 plugins.
Preloading 0 native plugins for Editor in 0.00 ms.
Invoked RoslynAnalysisRunner static constructor.
RoslynAnalysisRunner will not be running.
RoslynAnalysisRunner has terminated.
Mono: successfully reloaded assembly
- Completed reload, in  1.210 seconds
Platform modules already initialized, skipping
========================================================================
Worker process is ready to serve import requests
Launching external process: /Applications/Unity/Hub/Editor/2020.3.3f1/Unity.app/Contents/Tools/UnityShaderCompiler
Launched and connected shader compiler UnityShaderCompiler after 0.02 seconds
Refreshing native plugins compatible for Editor in 1.01 ms, found 1 plugins.
Preloading 0 native plugins for Editor in 0.00 ms.
Unloading 1678 Unused Serialized files (Serialized files now loaded: 0)
System memory in use before: 158.9 MB.
System memory in use after: 159.0 MB.

Unloading 12 unused Assets to reduce memory usage. Loaded Objects now: 2142.
Total: 3.419686 ms (FindLiveObjects: 0.491601 ms CreateObjectMapping: 0.177086 ms MarkObjects: 2.584120 ms  DeleteObjects: 0.165221 ms)

========================================================================
Received Import Request.
  path: Assets/Scripts/Fall.cs
  artifactKey: Guid(dd7da90b168e74799be02eb96a3bd0d7) Importer(815301076,1909f56bfc062723c751e8b465ee728b)
Start importing Assets/Scripts/Fall.cs using Guid(dd7da90b168e74799be02eb96a3bd0d7) Importer(815301076,1909f56bfc062723c751e8b465ee728b)  -> (artifact id: '086fff43b4359f3ac121127f7d278ece') in 0.464403 seconds
  Import took 0.468845 seconds .

========================================================================
Received Import Request.
  Time since last request: 188.344339 seconds.
  path: ProjectSettings/TagManager.asset
  artifactKey: Guid(00000000000000003000000000000000) Importer(815301076,1909f56bfc062723c751e8b465ee728b)
Start importing ProjectSettings/TagManager.asset using Guid(00000000000000003000000000000000) Importer(815301076,1909f56bfc062723c751e8b465ee728b)  -> (artifact id: 'dee836ac5c278a1d274c8bc654318ce3') in 0.454744 seconds
  Import took 0.461139 seconds .

========================================================================
Received Import Request.
  Time since last request: 90.323105 seconds.
  path: Assets/Scripts/Fall.cs
  artifactKey: Guid(dd7da90b168e74799be02eb96a3bd0d7) Importer(815301076,1909f56bfc062723c751e8b465ee728b)
Start importing Assets/Scripts/Fall.cs using Guid(dd7da90b168e74799be02eb96a3bd0d7) Importer(815301076,1909f56bfc062723c751e8b465ee728b)  -> (artifact id: '7d5dfd0c581845f671580d23801ffbd6') in 0.015110 seconds
  Import took 0.022907 seconds .

========================================================================
Received Import Request.
  Time since last request: 24.383149 seconds.
  path: Assets/Scripts/Fall.cs
  artifactKey: Guid(dd7da90b168e74799be02eb96a3bd0d7) Importer(815301076,1909f56bfc062723c751e8b465ee728b)
Start importing Assets/Scripts/Fall.cs using Guid(dd7da90b168e74799be02eb96a3bd0d7) Importer(815301076,1909f56bfc062723c751e8b465ee728b)  -> (artifact id: 'fca1b5bf99a62b00944daec972a87699') in 0.001804 seconds
  Import took 0.005859 seconds .

========================================================================
Received Import Request.
  Time since last request: 16.083047 seconds.
  path: Assets/Scripts/Fall.cs
  artifactKey: Guid(dd7da90b168e74799be02eb96a3bd0d7) Importer(815301076,1909f56bfc062723c751e8b465ee728b)
Start importing Assets/Scripts/Fall.cs using Guid(dd7da90b168e74799be02eb96a3bd0d7) Importer(815301076,1909f56bfc062723c751e8b465ee728b)  -> (artifact id: '6484cd0c49ed4b5f735bd80ef69012f5') in 0.007243 seconds
  Import took 0.016375 seconds .

========================================================================
Received Prepare
Registering precompiled user dll's ...
Registered in 0.000533 seconds.
Begin MonoManager ReloadAssembly
Native extension for OSXStandalone target not found
Refreshing native plugins compatible for Editor in 0.56 ms, found 1 plugins.
Preloading 0 native plugins for Editor in 0.00 ms.
Invoked RoslynAnalysisRunner static constructor.
RoslynAnalysisRunner will not be running.
RoslynAnalysisRunner has terminated.
Mono: successfully reloaded assembly
- Completed reload, in  1.173 seconds
Platform modules already initialized, skipping
Script error: OnTriggerEnter
This message parameter has to be of type: Collider
The message will be ignored.

Refreshing native plugins compatible for Editor in 0.39 ms, found 1 plugins.
Preloading 0 native plugins for Editor in 0.00 ms.
Unloading 1637 Unused Serialized files (Serialized files now loaded: 0)
System memory in use before: 164.3 MB.
System memory in use after: 164.3 MB.

Unloading 9 unused Assets to reduce memory usage. Loaded Objects now: 2145.
Total: 2.811302 ms (FindLiveObjects: 0.376286 ms CreateObjectMapping: 0.153739 ms MarkObjects: 2.150671 ms  DeleteObjects: 0.127152 ms)

========================================================================
Received Import Request.
  Time since last request: 25.910097 seconds.
  path: Assets/Scripts/Fall.cs
  artifactKey: Guid(dd7da90b168e74799be02eb96a3bd0d7) Importer(815301076,1909f56bfc062723c751e8b465ee728b)
Start importing Assets/Scripts/Fall.cs using Guid(dd7da90b168e74799be02eb96a3bd0d7) Importer(815301076,1909f56bfc062723c751e8b465ee728b)  -> (artifact id: 'eb43f151f92209248568a43ebe0f2f47') in 0.005621 seconds
  Import took 0.015967 seconds .

========================================================================
Received Import Request.
  Time since last request: 11.203880 seconds.
  path: Assets/Scripts/Fall.cs
  artifactKey: Guid(dd7da90b168e74799be02eb96a3bd0d7) Importer(815301076,1909f56bfc062723c751e8b465ee728b)
Start importing Assets/Scripts/Fall.cs using Guid(dd7da90b168e74799be02eb96a3bd0d7) Importer(815301076,1909f56bfc062723c751e8b465ee728b)  -> (artifact id: 'd8b8be71f4e95bb7784b6a3e1807648c') in 0.003571 seconds
  Import took 0.008126 seconds .

========================================================================
Received Import Request.
  Time since last request: 99.175398 seconds.
  path: Assets/Scripts/Fall.cs
  artifactKey: Guid(dd7da90b168e74799be02eb96a3bd0d7) Importer(815301076,1909f56bfc062723c751e8b465ee728b)
Start importing Assets/Scripts/Fall.cs using Guid(dd7da90b168e74799be02eb96a3bd0d7) Importer(815301076,1909f56bfc062723c751e8b465ee728b)  -> (artifact id: 'd1a36e22cee4656f820776d7fa630b3c') in 0.004900 seconds
  Import took 0.012429 seconds .

========================================================================
Received Prepare
Registering precompiled user dll's ...
Registered in 0.000957 seconds.
Begin MonoManager ReloadAssembly
Native extension for OSXStandalone target not found
Refreshing native plugins compatible for Editor in 0.33 ms, found 1 plugins.
Preloading 0 native plugins for Editor in 0.00 ms.
Invoked RoslynAnalysisRunner static constructor.
RoslynAnalysisRunner will not be running.
RoslynAnalysisRunner has terminated.
Mono: successfully reloaded assembly
- Completed reload, in  1.135 seconds
Platform modules already initialized, skipping
Refreshing native plugins compatible for Editor in 0.40 ms, found 1 plugins.
Preloading 0 native plugins for Editor in 0.00 ms.
Unloading 1637 Unused Serialized files (Serialized files now loaded: 0)
System memory in use before: 164.5 MB.
System memory in use after: 164.5 MB.

Unloading 8 unused Assets to reduce memory usage. Loaded Objects now: 2148.
Total: 1.986155 ms (FindLiveObjects: 0.212079 ms CreateObjectMapping: 0.059527 ms MarkObjects: 1.606857 ms  DeleteObjects: 0.106567 ms)

========================================================================
Received Import Request.
  Time since last request: 15.681648 seconds.
  path: Assets/Scripts/Fall.cs
  artifactKey: Guid(dd7da90b168e74799be02eb96a3bd0d7) Importer(815301076,1909f56bfc062723c751e8b465ee728b)
Start importing Assets/Scripts/Fall.cs using Guid(dd7da90b168e74799be02eb96a3bd0d7) Importer(815301076,1909f56bfc062723c751e8b465ee728b)  -> (artifact id: '49e1fcd2b1d6ad65454ac990ac59d11b') in 0.005095 seconds
  Import took 0.010287 seconds .

========================================================================
Received Prepare
Registering precompiled user dll's ...
Registered in 0.000483 seconds.
Begin MonoManager ReloadAssembly
Native extension for OSXStandalone target not found
Refreshing native plugins compatible for Editor in 0.50 ms, found 1 plugins.
Preloading 0 native plugins for Editor in 0.00 ms.
Invoked RoslynAnalysisRunner static constructor.
RoslynAnalysisRunner will not be running.
RoslynAnalysisRunner has terminated.
Mono: successfully reloaded assembly
- Completed reload, in  1.128 seconds
Platform modules already initialized, skipping
Refreshing native plugins compatible for Editor in 0.43 ms, found 1 plugins.
Preloading 0 native plugins for Editor in 0.00 ms.
Unloading 1637 Unused Serialized files (Serialized files now loaded: 0)
System memory in use before: 164.7 MB.
System memory in use after: 164.7 MB.

Unloading 8 unused Assets to reduce memory usage. Loaded Objects now: 2151.
Total: 2.688283 ms (FindLiveObjects: 0.429124 ms CreateObjectMapping: 0.204125 ms MarkObjects: 1.955262 ms  DeleteObjects: 0.097700 ms)

========================================================================
Received Prepare
Registering precompiled user dll's ...
Registered in 0.000545 seconds.
Begin MonoManager ReloadAssembly
Native extension for OSXStandalone target not found
Refreshing native plugins compatible for Editor in 0.33 ms, found 1 plugins.
Preloading 0 native plugins for Editor in 0.00 ms.
Invoked RoslynAnalysisRunner static constructor.
RoslynAnalysisRunner will not be running.
RoslynAnalysisRunner has terminated.
Mono: successfully reloaded assembly
- Completed reload, in  1.120 seconds
Platform modules already initialized, skipping
Refreshing native plugins compatible for Editor in 0.37 ms, found 1 plugins.
Preloading 0 native plugins for Editor in 0.00 ms.
Unloading 1637 Unused Serialized files (Serialized files now loaded: 0)
System memory in use before: 164.9 MB.
System memory in use after: 164.9 MB.

Unloading 8 unused Assets to reduce memory usage. Loaded Objects now: 2154.
Total: 2.422814 ms (FindLiveObjects: 0.314769 ms CreateObjectMapping: 0.088212 ms MarkObjects: 1.894003 ms  DeleteObjects: 0.124002 ms)

========================================================================
Received Prepare
Registering precompiled user dll's ...
Registered in 0.000768 seconds.
Begin MonoManager ReloadAssembly
Native extension for OSXStandalone target not found
Refreshing native plugins compatible for Editor in 0.37 ms, found 1 plugins.
Preloading 0 native plugins for Editor in 0.00 ms.
Invoked RoslynAnalysisRunner static constructor.
RoslynAnalysisRunner will not be running.
RoslynAnalysisRunner has terminated.
Mono: successfully reloaded assembly
- Completed reload, in  1.082 seconds
Platform modules already initialized, skipping
Refreshing native plugins compatible for Editor in 0.39 ms, found 1 plugins.
Preloading 0 native plugins for Editor in 0.00 ms.
Unloading 1637 Unused Serialized files (Serialized files now loaded: 0)
System memory in use before: 165.0 MB.
System memory in use after: 165.1 MB.

Unloading 8 unused Assets to reduce memory usage. Loaded Objects now: 2157.
Total: 2.822249 ms (FindLiveObjects: 0.383718 ms CreateObjectMapping: 0.122396 ms MarkObjects: 2.211007 ms  DeleteObjects: 0.103358 ms)

========================================================================
Received Prepare
Registering precompiled user dll's ...
Registered in 0.000525 seconds.
Begin MonoManager ReloadAssembly
Native extension for OSXStandalone target not found
Refreshing native plugins compatible for Editor in 0.36 ms, found 1 plugins.
Preloading 0 native plugins for Editor in 0.00 ms.
Invoked RoslynAnalysisRunner static constructor.
RoslynAnalysisRunner will not be running.
RoslynAnalysisRunner has terminated.
Mono: successfully reloaded assembly
- Completed reload, in  1.131 seconds
Platform modules already initialized, skipping
Refreshing native plugins compatible for Editor in 0.36 ms, found 1 plugins.
Preloading 0 native plugins for Editor in 0.00 ms.
Unloading 1637 Unused Serialized files (Serialized files now loaded: 0)
System memory in use before: 165.2 MB.
System memory in use after: 165.3 MB.

Unloading 8 unused Assets to reduce memory usage. Loaded Objects now: 2160.
Total: 2.689935 ms (FindLiveObjects: 0.333587 ms CreateObjectMapping: 0.099242 ms MarkObjects: 2.147712 ms  DeleteObjects: 0.107597 ms)

========================================================================
Received Prepare
Registering precompiled user dll's ...
Registered in 0.000575 seconds.
Begin MonoManager ReloadAssembly
Native extension for OSXStandalone target not found
Refreshing native plugins compatible for Editor in 0.42 ms, found 1 plugins.
Preloading 0 native plugins for Editor in 0.00 ms.
Invoked RoslynAnalysisRunner static constructor.
RoslynAnalysisRunner will not be running.
RoslynAnalysisRunner has terminated.
Mono: successfully reloaded assembly
- Completed reload, in  1.302 seconds
Platform modules already initialized, skipping
Refreshing native plugins compatible for Editor in 0.37 ms, found 1 plugins.
Preloading 0 native plugins for Editor in 0.00 ms.
Unloading 1637 Unused Serialized files (Serialized files now loaded: 0)
System memory in use before: 165.5 MB.
System memory in use after: 165.5 MB.

Unloading 8 unused Assets to reduce memory usage. Loaded Objects now: 2163.
Total: 2.104938 ms (FindLiveObjects: 0.182702 ms CreateObjectMapping: 0.061224 ms MarkObjects: 1.768733 ms  DeleteObjects: 0.091329 ms)

========================================================================
Received Prepare
Registering precompiled user dll's ...
Registered in 0.000533 seconds.
Begin MonoManager ReloadAssembly
Native extension for OSXStandalone target not found
Refreshing native plugins compatible for Editor in 0.36 ms, found 1 plugins.
Preloading 0 native plugins for Editor in 0.00 ms.
Invoked RoslynAnalysisRunner static constructor.
RoslynAnalysisRunner will not be running.
RoslynAnalysisRunner has terminated.
Mono: successfully reloaded assembly
- Completed reload, in  1.180 seconds
Platform modules already initialized, skipping
Refreshing native plugins compatible for Editor in 0.37 ms, found 1 plugins.
Preloading 0 native plugins for Editor in 0.00 ms.
Unloading 1637 Unused Serialized files (Serialized files now loaded: 0)
System memory in use before: 165.6 MB.
System memory in use after: 165.7 MB.

Unloading 8 unused Assets to reduce memory usage. Loaded Objects now: 2166.
Total: 2.042208 ms (FindLiveObjects: 0.241724 ms CreateObjectMapping: 0.058890 ms MarkObjects: 1.649319 ms  DeleteObjects: 0.091213 ms)

========================================================================
Received Prepare
Registering precompiled user dll's ...
Registered in 0.002847 seconds.
Begin MonoManager ReloadAssembly
Native extension for OSXStandalone target not found
Refreshing native plugins compatible for Editor in 0.61 ms, found 1 plugins.
Preloading 0 native plugins for Editor in 0.00 ms.
Invoked RoslynAnalysisRunner static constructor.
RoslynAnalysisRunner will not be running.
RoslynAnalysisRunner has terminated.
Mono: successfully reloaded assembly
- Completed reload, in  1.483 seconds
Platform modules already initialized, skipping
Refreshing native plugins compatible for Editor in 0.37 ms, found 1 plugins.
Preloading 0 native plugins for Editor in 0.00 ms.
Unloading 1637 Unused Serialized files (Serialized files now loaded: 0)
System memory in use before: 165.8 MB.
System memory in use after: 165.9 MB.

Unloading 8 unused Assets to reduce memory usage. Loaded Objects now: 2169.
Total: 2.954639 ms (FindLiveObjects: 0.528809 ms CreateObjectMapping: 0.114846 ms MarkObjects: 2.195504 ms  DeleteObjects: 0.113626 ms)

========================================================================
Received Prepare
Registering precompiled user dll's ...
Registered in 0.000564 seconds.
Begin MonoManager ReloadAssembly
Native extension for OSXStandalone target not found
Refreshing native plugins compatible for Editor in 0.40 ms, found 1 plugins.
Preloading 0 native plugins for Editor in 0.00 ms.
Invoked RoslynAnalysisRunner static constructor.
RoslynAnalysisRunner will not be running.
RoslynAnalysisRunner has terminated.
Mono: successfully reloaded assembly
- Completed reload, in  1.224 seconds
Platform modules already initialized, skipping
Refreshing native plugins compatible for Editor in 0.37 ms, found 1 plugins.
Preloading 0 native plugins for Editor in 0.00 ms.
Unloading 1637 Unused Serialized files (Serialized files now loaded: 0)
System memory in use before: 166.0 MB.
System memory in use after: 166.0 MB.

Unloading 8 unused Assets to reduce memory usage. Loaded Objects now: 2172.
Total: 2.312256 ms (FindLiveObjects: 0.259478 ms CreateObjectMapping: 0.076278 ms MarkObjects: 1.879935 ms  DeleteObjects: 0.095343 ms)

========================================================================
Received Prepare
Registering precompiled user dll's ...
Registered in 0.000614 seconds.
Begin MonoManager ReloadAssembly
Native extension for OSXStandalone target not found
Refreshing native plugins compatible for Editor in 0.34 ms, found 1 plugins.
Preloading 0 native plugins for Editor in 0.00 ms.
Invoked RoslynAnalysisRunner static constructor.
RoslynAnalysisRunner will not be running.
RoslynAnalysisRunner has terminated.
Mono: successfully reloaded assembly
- Completed reload, in  1.205 seconds
Platform modules already initialized, skipping
Refreshing native plugins compatible for Editor in 0.39 ms, found 1 plugins.
Preloading 0 native plugins for Editor in 0.00 ms.
Unloading 1637 Unused Serialized files (Serialized files now loaded: 0)
System memory in use before: 166.2 MB.
System memory in use after: 166.2 MB.

Unloading 8 unused Assets to reduce memory usage. Loaded Objects now: 2175.
Total: 1.934000 ms (FindLiveObjects: 0.231177 ms CreateObjectMapping: 0.057023 ms MarkObjects: 1.554103 ms  DeleteObjects: 0.090846 ms)

========================================================================
Received Prepare
Registering precompiled user dll's ...
Registered in 0.003291 seconds.
Begin MonoManager ReloadAssembly
Native extension for OSXStandalone target not found
Refreshing native plugins compatible for Editor in 0.32 ms, found 1 plugins.
Preloading 0 native plugins for Editor in 0.00 ms.
Invoked RoslynAnalysisRunner static constructor.
RoslynAnalysisRunner will not be running.
RoslynAnalysisRunner has terminated.
Mono: successfully reloaded assembly
- Completed reload, in  1.113 seconds
Platform modules already initialized, skipping
Refreshing native plugins compatible for Editor in 0.49 ms, found 1 plugins.
Preloading 0 native plugins for Editor in 0.00 ms.
Unloading 1637 Unused Serialized files (Serialized files now loaded: 0)
System memory in use before: 166.4 MB.
System memory in use after: 166.4 MB.

Unloading 8 unused Assets to reduce memory usage. Loaded Objects now: 2178.
Total: 3.057954 ms (FindLiveObjects: 0.510246 ms CreateObjectMapping: 0.193676 ms MarkObjects: 2.252142 ms  DeleteObjects: 0.099981 ms)

========================================================================
Received Prepare
Registering precompiled user dll's ...
Registered in 0.001093 seconds.
Begin MonoManager ReloadAssembly
Native extension for OSXStandalone target not found
Refreshing native plugins compatible for Editor in 0.36 ms, found 1 plugins.
Preloading 0 native plugins for Editor in 0.00 ms.
Invoked RoslynAnalysisRunner static constructor.
RoslynAnalysisRunner will not be running.
RoslynAnalysisRunner has terminated.
Mono: successfully reloaded assembly
- Completed reload, in  1.197 seconds
Platform modules already initialized, skipping
Refreshing native plugins compatible for Editor in 0.45 ms, found 1 plugins.
Preloading 0 native plugins for Editor in 0.00 ms.
Unloading 1637 Unused Serialized files (Serialized files now loaded: 0)
System memory in use before: 166.6 MB.
System memory in use after: 166.6 MB.

Unloading 8 unused Assets to reduce memory usage. Loaded Objects now: 2181.
Total: 2.411839 ms (FindLiveObjects: 0.261649 ms CreateObjectMapping: 0.067253 ms MarkObjects: 1.983062 ms  DeleteObjects: 0.098238 ms)

========================================================================
Received Prepare
Registering precompiled user dll's ...
Registered in 0.000565 seconds.
Begin MonoManager ReloadAssembly
Native extension for OSXStandalone target not found
Refreshing native plugins compatible for Editor in 0.36 ms, found 1 plugins.
Preloading 0 native plugins for Editor in 0.00 ms.
Invoked RoslynAnalysisRunner static constructor.
RoslynAnalysisRunner will not be running.
RoslynAnalysisRunner has terminated.
Mono: successfully reloaded assembly
- Completed reload, in  1.344 seconds
Platform modules already initialized, skipping
Refreshing native plugins compatible for Editor in 0.44 ms, found 1 plugins.
Preloading 0 native plugins for Editor in 0.00 ms.
Unloading 1637 Unused Serialized files (Serialized files now loaded: 0)
System memory in use before: 166.7 MB.
System memory in use after: 166.8 MB.

Unloading 8 unused Assets to reduce memory usage. Loaded Objects now: 2184.
Total: 3.196415 ms (FindLiveObjects: 0.330860 ms CreateObjectMapping: 0.089932 ms MarkObjects: 2.678950 ms  DeleteObjects: 0.095412 ms)

========================================================================
Received Prepare
Registering precompiled user dll's ...
Registered in 0.001009 seconds.
Begin MonoManager ReloadAssembly
Native extension for OSXStandalone target not found
Refreshing native plugins compatible for Editor in 0.35 ms, found 1 plugins.
Preloading 0 native plugins for Editor in 0.00 ms.
Invoked RoslynAnalysisRunner static constructor.
RoslynAnalysisRunner will not be running.
RoslynAnalysisRunner has terminated.
Mono: successfully reloaded assembly
- Completed reload, in  1.463 seconds
Platform modules already initialized, skipping
Refreshing native plugins compatible for Editor in 0.37 ms, found 1 plugins.
Preloading 0 native plugins for Editor in 0.00 ms.
Unloading 1637 Unused Serialized files (Serialized files now loaded: 0)
System memory in use before: 166.9 MB.
System memory in use after: 167.0 MB.

Unloading 8 unused Assets to reduce memory usage. Loaded Objects now: 2187.
Total: 2.639511 ms (FindLiveObjects: 0.362043 ms CreateObjectMapping: 0.131966 ms MarkObjects: 2.043608 ms  DeleteObjects: 0.100196 ms)

========================================================================
Received Prepare
Registering precompiled user dll's ...
Registered in 0.000506 seconds.
Begin MonoManager ReloadAssembly
Native extension for OSXStandalone target not found
Refreshing native plugins compatible for Editor in 0.35 ms, found 1 plugins.
Preloading 0 native plugins for Editor in 0.00 ms.
Invoked RoslynAnalysisRunner static constructor.
RoslynAnalysisRunner will not be running.
RoslynAnalysisRunner has terminated.
Mono: successfully reloaded assembly
- Completed reload, in  1.248 seconds
Platform modules already initialized, skipping
Refreshing native plugins compatible for Editor in 0.41 ms, found 1 plugins.
Preloading 0 native plugins for Editor in 0.00 ms.
Unloading 1637 Unused Serialized files (Serialized files now loaded: 0)
System memory in use before: 167.1 MB.
System memory in use after: 167.1 MB.

Unloading 8 unused Assets to reduce memory usage. Loaded Objects now: 2190.
Total: 2.591781 ms (FindLiveObjects: 0.214923 ms CreateObjectMapping: 0.078084 ms MarkObjects: 2.199319 ms  DeleteObjects: 0.097922 ms)

========================================================================
Received Prepare
Registering precompiled user dll's ...
Registered in 0.000835 seconds.
Begin MonoManager ReloadAssembly
Native extension for OSXStandalone target not found
Refreshing native plugins compatible for Editor in 0.34 ms, found 1 plugins.
Preloading 0 native plugins for Editor in 0.00 ms.
Invoked RoslynAnalysisRunner static constructor.
RoslynAnalysisRunner will not be running.
RoslynAnalysisRunner has terminated.
Mono: successfully reloaded assembly
- Completed reload, in  1.169 seconds
Platform modules already initialized, skipping
Refreshing native plugins compatible for Editor in 0.35 ms, found 1 plugins.
Preloading 0 native plugins for Editor in 0.00 ms.
Unloading 1637 Unused Serialized files (Serialized files now loaded: 0)
System memory in use before: 167.3 MB.
System memory in use after: 167.3 MB.

Unloading 8 unused Assets to reduce memory usage. Loaded Objects now: 2193.
Total: 3.285872 ms (FindLiveObjects: 0.334724 ms CreateObjectMapping: 0.096750 ms MarkObjects: 2.749799 ms  DeleteObjects: 0.101391 ms)

========================================================================
Received Import Request.
  Time since last request: 3198.411346 seconds.
  path: Assets/Prefabs/tinker 1.obj
  artifactKey: Guid(630a528cd046c4a559bd06d0c459946f) Importer(815301076,1909f56bfc062723c751e8b465ee728b)
Start importing Assets/Prefabs/tinker 1.obj using Guid(630a528cd046c4a559bd06d0c459946f) Importer(815301076,1909f56bfc062723c751e8b465ee728b)  -> (artifact id: '65e3a18b09bfba108efa960e41d2c830') in 0.797629 seconds
  Import took 0.821279 seconds .

========================================================================
Received Import Request.
  Time since last request: 123.028943 seconds.
  path: Assets/Prefabs/Fence.obj
  artifactKey: Guid(630a528cd046c4a559bd06d0c459946f) Importer(815301076,1909f56bfc062723c751e8b465ee728b)
Start importing Assets/Prefabs/Fence.obj using Guid(630a528cd046c4a559bd06d0c459946f) Importer(815301076,1909f56bfc062723c751e8b465ee728b)  -> (artifact id: '594197d54d077aa744ab168d12bb3f52') in 0.052546 seconds
  Import took 0.059694 seconds .

========================================================================
Received Prepare
Registering precompiled user dll's ...
Registered in 0.000521 seconds.
Begin MonoManager ReloadAssembly
Native extension for OSXStandalone target not found
Refreshing native plugins compatible for Editor in 0.37 ms, found 1 plugins.
Preloading 0 native plugins for Editor in 0.00 ms.
Invoked RoslynAnalysisRunner static constructor.
RoslynAnalysisRunner will not be running.
RoslynAnalysisRunner has terminated.
Mono: successfully reloaded assembly
- Completed reload, in  1.321 seconds
Platform modules already initialized, skipping
Refreshing native plugins compatible for Editor in 0.64 ms, found 1 plugins.
Preloading 0 native plugins for Editor in 0.00 ms.
Unloading 1637 Unused Serialized files (Serialized files now loaded: 0)
System memory in use before: 175.8 MB.
System memory in use after: 175.9 MB.

Unloading 8 unused Assets to reduce memory usage. Loaded Objects now: 2239.
Total: 3.916051 ms (FindLiveObjects: 0.534395 ms CreateObjectMapping: 0.138469 ms MarkObjects: 3.087101 ms  DeleteObjects: 0.152281 ms)

========================================================================
Received Prepare
Registering precompiled user dll's ...
Registered in 0.001069 seconds.
Begin MonoManager ReloadAssembly
Native extension for OSXStandalone target not found
Refreshing native plugins compatible for Editor in 0.41 ms, found 1 plugins.
Preloading 0 native plugins for Editor in 0.00 ms.
Invoked RoslynAnalysisRunner static constructor.
RoslynAnalysisRunner will not be running.
RoslynAnalysisRunner has terminated.
Mono: successfully reloaded assembly
- Completed reload, in  1.294 seconds
Platform modules already initialized, skipping
Refreshing native plugins compatible for Editor in 0.38 ms, found 1 plugins.
Preloading 0 native plugins for Editor in 0.00 ms.
Unloading 1637 Unused Serialized files (Serialized files now loaded: 0)
System memory in use before: 176.0 MB.
System memory in use after: 176.0 MB.

Unloading 8 unused Assets to reduce memory usage. Loaded Objects now: 2242.
Total: 2.615422 ms (FindLiveObjects: 0.219120 ms CreateObjectMapping: 0.129152 ms MarkObjects: 2.169547 ms  DeleteObjects: 0.095704 ms)

